0 info it worked if it ends with ok
1 verbose cli [ '/Users/jparsons/.nvm/v0.10.35/bin/node',
1 verbose cli   '/Users/jparsons/.nvm/v0.10.35/bin/npm',
1 verbose cli   'i',
1 verbose cli   'amdrequire:',
1 verbose cli   '0.0.3,' ]
2 info using npm@1.4.28
3 info using node@v0.10.35
4 warn package.json scribe-test-harness@0.0.16 No description
5 warn package.json scribe-test-harness@0.0.16 No repository field.
6 verbose readDependencies using package.json deps
7 verbose cache add [ 'amdrequire:', null ]
8 verbose cache add name=undefined spec="amdrequire:" args=["amdrequire:",null]
9 verbose parsed url { protocol: 'amdrequire:',
9 verbose parsed url   slashes: null,
9 verbose parsed url   auth: null,
9 verbose parsed url   host: '',
9 verbose parsed url   port: null,
9 verbose parsed url   hostname: '',
9 verbose parsed url   hash: null,
9 verbose parsed url   search: null,
9 verbose parsed url   query: null,
9 verbose parsed url   pathname: null,
9 verbose parsed url   path: null,
9 verbose parsed url   href: 'amdrequire:' }
10 verbose cache add [ '0.0.3,', null ]
11 verbose cache add name=undefined spec="0.0.3," args=["0.0.3,",null]
12 verbose parsed url { protocol: null,
12 verbose parsed url   slashes: null,
12 verbose parsed url   auth: null,
12 verbose parsed url   host: null,
12 verbose parsed url   port: null,
12 verbose parsed url   hostname: null,
12 verbose parsed url   hash: null,
12 verbose parsed url   search: null,
12 verbose parsed url   query: null,
12 verbose parsed url   pathname: '0.0.3,',
12 verbose parsed url   path: '0.0.3,',
12 verbose parsed url   href: '0.0.3,' }
13 silly lockFile 7b935e13-amdrequire amdrequire:
14 verbose lock amdrequire: /Users/jparsons/.npm/7b935e13-amdrequire.lock
15 silly lockFile 55334c8b-0-0-3 0.0.3,
16 verbose lock 0.0.3, /Users/jparsons/.npm/55334c8b-0-0-3.lock
17 silly lockFile 7b935e13-amdrequire amdrequire:
18 silly lockFile 7b935e13-amdrequire amdrequire:
19 silly lockFile 55334c8b-0-0-3 0.0.3,
20 silly lockFile 55334c8b-0-0-3 0.0.3,
21 verbose addNamed [ 'amdrequire:', '' ]
22 verbose addNamed [ null, '*' ]
23 silly lockFile 0d2c2d7c-amdrequire amdrequire:@
24 verbose lock amdrequire:@ /Users/jparsons/.npm/0d2c2d7c-amdrequire.lock
25 verbose addNamed [ '0.0.3,', '' ]
26 verbose addNamed [ null, '*' ]
27 silly lockFile 15485ec9-0-0-3 0.0.3,@
28 verbose lock 0.0.3,@ /Users/jparsons/.npm/15485ec9-0-0-3.lock
29 silly addNameRange { name: 'amdrequire:', range: '*', hasData: false }
30 error TypeError: Cannot call method 'replace' of null
30 error     at cf (/Users/jparsons/.nvm/v0.10.35/lib/node_modules/npm/node_modules/npm-cache-filename/index.js:14:22)
30 error     at RegClient.get (/Users/jparsons/.nvm/v0.10.35/lib/node_modules/npm/node_modules/npm-registry-client/lib/get.js:28:20)
30 error     at addNameRange (/Users/jparsons/.nvm/v0.10.35/lib/node_modules/npm/lib/cache/add-named.js:201:12)
30 error     at /Users/jparsons/.nvm/v0.10.35/lib/node_modules/npm/lib/cache/add-named.js:47:5
30 error     at /Users/jparsons/.nvm/v0.10.35/lib/node_modules/npm/lib/utils/locker.js:30:7
30 error     at cb (/Users/jparsons/.nvm/v0.10.35/lib/node_modules/npm/node_modules/lockfile/lockfile.js:149:38)
30 error     at /Users/jparsons/.nvm/v0.10.35/lib/node_modules/npm/node_modules/lockfile/lockfile.js:171:16
30 error     at Object.oncomplete (fs.js:108:15)
31 error If you need help, you may report this *entire* log,
31 error including the npm and node versions, at:
31 error     <http://github.com/npm/npm/issues>
32 error System Darwin 13.4.0
33 error command "/Users/jparsons/.nvm/v0.10.35/bin/node" "/Users/jparsons/.nvm/v0.10.35/bin/npm" "i" "amdrequire:" "0.0.3,"
34 error cwd /web/scribe
35 error node -v v0.10.35
36 error npm -v 1.4.28
37 error type non_object_property_call
38 verbose exit [ 1, true ]
